<?xml version="1.0" encoding="UTF-8"?>
<testng-results ignored="0" total="3" passed="3" failed="0" skipped="0">
  <reporter-output>
  </reporter-output>
  <suite started-at="2023-11-20T16:50:57 IST" name="Suite" finished-at="2023-11-20T16:51:04 IST" duration-ms="7413">
    <groups>
    </groups>
    <test started-at="2023-11-20T16:50:57 IST" name="Test" finished-at="2023-11-20T16:51:04 IST" duration-ms="7413">
      <class name="modules.AssignLeave">
        <test-method signature="clickOnAssignLeaveButton()[pri:0, instance:modules.AssignLeave@15e0fe05]" started-at="2023-11-20T16:50:57 IST" name="clickOnAssignLeaveButton" finished-at="2023-11-20T16:50:58 IST" duration-ms="623" status="PASS">
          <reporter-output>
          </reporter-output>
        </test-method> <!-- clickOnAssignLeaveButton -->
      </class> <!-- modules.AssignLeave -->
      <class name="modules.MyTimesheet">
        <test-method signature="clickOnTimeSheetIcon()[pri:1, instance:modules.MyTimesheet@5ac6c4f2]" started-at="2023-11-20T16:50:58 IST" name="clickOnTimeSheetIcon" finished-at="2023-11-20T16:51:01 IST" duration-ms="3555" status="PASS">
          <reporter-output>
          </reporter-output>
        </test-method> <!-- clickOnTimeSheetIcon -->
        <test-method signature="clickOnHelpButton()[pri:2, instance:modules.MyTimesheet@5ac6c4f2]" started-at="2023-11-20T16:51:01 IST" name="clickOnHelpButton" finished-at="2023-11-20T16:51:04 IST" duration-ms="3156" status="PASS">
          <reporter-output>
          </reporter-output>
        </test-method> <!-- clickOnHelpButton -->
      </class> <!-- modules.MyTimesheet -->
    </test> <!-- Test -->
  </suite> <!-- Suite -->
</testng-results>
